[2014-05-06 11:15:35] myapp.INFO: Matched route "index" (parameters: "_controller": "[{},"index"]", "_route": "index") [] []
[2014-05-06 11:15:35] myapp.INFO: > GET / [] []
[2014-05-06 11:15:35] myapp.NOTICE: Anonymous query « SELECT true ». {"connection":"[object] (Pomm\\Connection\\Connection: {})"} []
[2014-05-06 11:15:36] myapp.INFO: < 200 [] []
[2014-05-06 11:15:36] myapp.INFO: Matched route "index" (parameters: "_controller": "[{},"index"]", "_route": "index") [] []
[2014-05-06 11:15:36] myapp.INFO: > GET /favicon.ico [] []
[2014-05-06 11:15:36] myapp.NOTICE: Anonymous query « SELECT true ». {"connection":"[object] (Pomm\\Connection\\Connection: {})"} []
[2014-05-06 11:15:36] myapp.INFO: < 200 [] []
[2014-05-06 11:15:36] myapp.INFO: Matched route "index" (parameters: "_controller": "[{},"index"]", "_route": "index") [] []
[2014-05-06 11:15:36] myapp.INFO: > GET /favicon.ico [] []
[2014-05-06 11:15:36] myapp.NOTICE: Anonymous query « SELECT true ». {"connection":"[object] (Pomm\\Connection\\Connection: {})"} []
[2014-05-06 11:15:36] myapp.INFO: < 200 [] []
[2014-05-06 11:34:34] myapp.INFO: Matched route "index" (parameters: "_controller": "{}", "_route": "index") [] []
[2014-05-06 11:34:34] myapp.INFO: > GET / [] []
[2014-05-06 11:34:34] myapp.CRITICAL: Symfony\Component\Routing\Exception\RouteNotFoundException: Unable to generate a URL for the named route "main_index" as such route does not exist. (uncaught exception) at /home/greg/Projects/sites/bobinaudio/vendor/symfony/routing/Symfony/Component/Routing/Generator/UrlGenerator.php line 134 {"exception":"[object] (Symfony\\Component\\Routing\\Exception\\RouteNotFoundException: Unable to generate a URL for the named route \"main_index\" as such route does not exist. at /home/greg/Projects/sites/bobinaudio/vendor/symfony/routing/Symfony/Component/Routing/Generator/UrlGenerator.php:134)"} []
[2014-05-06 11:37:50] myapp.INFO: Matched route "index" (parameters: "_controller": "{}", "_route": "index") [] []
[2014-05-06 11:37:50] myapp.INFO: > GET / [] []
[2014-05-06 11:37:50] myapp.CRITICAL: Symfony\Component\Routing\Exception\RouteNotFoundException: Unable to generate a URL for the named route "main_index" as such route does not exist. (uncaught exception) at /home/greg/Projects/sites/bobinaudio/vendor/symfony/routing/Symfony/Component/Routing/Generator/UrlGenerator.php line 134 {"exception":"[object] (Symfony\\Component\\Routing\\Exception\\RouteNotFoundException: Unable to generate a URL for the named route \"main_index\" as such route does not exist. at /home/greg/Projects/sites/bobinaudio/vendor/symfony/routing/Symfony/Component/Routing/Generator/UrlGenerator.php:134)"} []
[2014-05-06 11:37:50] myapp.INFO: < 500 [] []
[2014-05-06 11:38:15] myapp.INFO: Matched route "index" (parameters: "_controller": "{}", "_route": "index") [] []
[2014-05-06 11:38:15] myapp.INFO: > GET / [] []
[2014-05-06 11:38:15] myapp.CRITICAL: Symfony\Component\Routing\Exception\RouteNotFoundException: Unable to generate a URL for the named route "main_index" as such route does not exist. (uncaught exception) at /home/greg/Projects/sites/bobinaudio/vendor/symfony/routing/Symfony/Component/Routing/Generator/UrlGenerator.php line 134 {"exception":"[object] (Symfony\\Component\\Routing\\Exception\\RouteNotFoundException: Unable to generate a URL for the named route \"main_index\" as such route does not exist. at /home/greg/Projects/sites/bobinaudio/vendor/symfony/routing/Symfony/Component/Routing/Generator/UrlGenerator.php:134)"} []
[2014-05-06 11:38:15] myapp.INFO: < 500 [] []
[2014-05-06 11:38:40] myapp.INFO: Matched route "index" (parameters: "_controller": "{}", "_route": "index") [] []
[2014-05-06 11:38:40] myapp.INFO: > GET / [] []
[2014-05-06 11:38:40] myapp.INFO: < 302 /fr/ [] []
[2014-05-06 11:38:40] myapp.INFO: Matched route "main_index" (parameters: "_controller": "[{},"executeIndex"]", "_locale": "fr", "_route": "main_index") [] []
[2014-05-06 11:38:40] myapp.INFO: > GET /fr/ [] []
[2014-05-06 11:38:40] myapp.CRITICAL: Twig_Error_Syntax: Unexpected "}" in "layout.html.twig" at line 5 (uncaught exception) at /home/greg/Projects/sites/bobinaudio/vendor/twig/twig/lib/Twig/Lexer.php line 259 {"exception":"[object] (Twig_Error_Syntax: Unexpected \"}\" in \"layout.html.twig\" at line 5 at /home/greg/Projects/sites/bobinaudio/vendor/twig/twig/lib/Twig/Lexer.php:259)"} []
[2014-05-06 11:38:40] myapp.INFO: < 500 [] []
[2014-05-06 11:39:23] myapp.INFO: Matched route "main_index" (parameters: "_controller": "[{},"executeIndex"]", "_locale": "fr", "_route": "main_index") [] []
[2014-05-06 11:39:23] myapp.INFO: > GET /fr/ [] []
[2014-05-06 11:39:23] myapp.CRITICAL: Twig_Error_Syntax: The function "render" does not exist in "layout.html.twig" at line 21 (uncaught exception) at /home/greg/Projects/sites/bobinaudio/vendor/twig/twig/lib/Twig/ExpressionParser.php line 553 {"exception":"[object] (Twig_Error_Syntax: The function \"render\" does not exist in \"layout.html.twig\" at line 21 at /home/greg/Projects/sites/bobinaudio/vendor/twig/twig/lib/Twig/ExpressionParser.php:553)"} []
[2014-05-06 11:39:23] myapp.INFO: < 500 [] []
[2014-05-06 19:16:35] myapp.INFO: Matched route "main_index" (parameters: "_controller": "[{},"executeIndex"]", "_locale": "fr", "_route": "main_index") [] []
[2014-05-06 19:16:35] myapp.INFO: > GET /fr/ [] []
[2014-05-06 19:16:35] myapp.CRITICAL: Twig_Error_Runtime: An exception has been thrown during the rendering of a template ("Unable to generate a URL for the named route "main_navbar" as such route does not exist.") in "layout.html.twig" at line 27. (uncaught exception) at /home/greg/Projects/sites/bobinaudio/vendor/twig/twig/lib/Twig/Template.php line 293 {"exception":"[object] (Twig_Error_Runtime: An exception has been thrown during the rendering of a template (\"Unable to generate a URL for the named route \"main_navbar\" as such route does not exist.\") in \"layout.html.twig\" at line 27. at /home/greg/Projects/sites/bobinaudio/vendor/twig/twig/lib/Twig/Template.php:293, Symfony\\Component\\Routing\\Exception\\RouteNotFoundException: Unable to generate a URL for the named route \"main_navbar\" as such route does not exist. at /home/greg/Projects/sites/bobinaudio/vendor/symfony/routing/Symfony/Component/Routing/Generator/UrlGenerator.php:134)"} []
[2014-05-06 19:16:35] myapp.INFO: < 500 [] []
[2014-05-06 19:17:38] myapp.INFO: Matched route "main_index" (parameters: "_controller": "[{},"executeIndex"]", "_locale": "fr", "_route": "main_index") [] []
[2014-05-06 19:17:38] myapp.INFO: > GET /fr/ [] []
[2014-05-06 19:17:38] myapp.INFO: Matched route "main_navbar" (parameters: "_controller": "[{},"executeNavbar"]", "_locale": "fr", "_route": "main_navbar") [] []
[2014-05-06 19:17:38] myapp.CRITICAL: Twig_Error_Runtime: An exception has been thrown during the rendering of a template ("The controller must return a response (null given). Did you forget to add a return statement somewhere in your controller?") in "layout.html.twig" at line 27. (uncaught exception) at /home/greg/Projects/sites/bobinaudio/vendor/twig/twig/lib/Twig/Template.php line 293 {"exception":"[object] (Twig_Error_Runtime: An exception has been thrown during the rendering of a template (\"The controller must return a response (null given). Did you forget to add a return statement somewhere in your controller?\") in \"layout.html.twig\" at line 27. at /home/greg/Projects/sites/bobinaudio/vendor/twig/twig/lib/Twig/Template.php:293, LogicException: The controller must return a response (null given). Did you forget to add a return statement somewhere in your controller? at /home/greg/Projects/sites/bobinaudio/vendor/symfony/http-kernel/Symfony/Component/HttpKernel/HttpKernel.php:144)"} []
[2014-05-06 19:17:38] myapp.INFO: < 500 [] []
[2014-05-06 19:18:50] myapp.INFO: Matched route "main_index" (parameters: "_controller": "[{},"executeIndex"]", "_locale": "fr", "_route": "main_index") [] []
[2014-05-06 19:18:50] myapp.INFO: > GET /fr/ [] []
[2014-05-06 19:18:50] myapp.INFO: Matched route "main_navbar" (parameters: "_controller": "[{},"executeNavbar"]", "_locale": "fr", "_route": "main_navbar") [] []
[2014-05-06 19:18:50] myapp.INFO: < 200 [] []
[2014-05-06 19:18:50] myapp.ERROR: Symfony\Component\HttpKernel\Exception\NotFoundHttpException: No route found for "GET /css/bootstrap.min.css" (from "http://localhost:1025/fr/") (uncaught exception) at /home/greg/Projects/sites/bobinaudio/vendor/symfony/http-kernel/Symfony/Component/HttpKernel/EventListener/RouterListener.php line 145 {"exception":"[object] (Symfony\\Component\\HttpKernel\\Exception\\NotFoundHttpException: No route found for \"GET /css/bootstrap.min.css\" (from \"http://localhost:1025/fr/\") at /home/greg/Projects/sites/bobinaudio/vendor/symfony/http-kernel/Symfony/Component/HttpKernel/EventListener/RouterListener.php:145, Symfony\\Component\\Routing\\Exception\\ResourceNotFoundException:  at /home/greg/Projects/sites/bobinaudio/vendor/symfony/routing/Symfony/Component/Routing/Matcher/UrlMatcher.php:96)"} []
[2014-05-06 19:18:50] myapp.INFO: < 404 [] []
[2014-05-06 19:18:50] myapp.ERROR: Symfony\Component\HttpKernel\Exception\NotFoundHttpException: No route found for "GET /js/bootstrap.min.js" (from "http://localhost:1025/fr/") (uncaught exception) at /home/greg/Projects/sites/bobinaudio/vendor/symfony/http-kernel/Symfony/Component/HttpKernel/EventListener/RouterListener.php line 145 {"exception":"[object] (Symfony\\Component\\HttpKernel\\Exception\\NotFoundHttpException: No route found for \"GET /js/bootstrap.min.js\" (from \"http://localhost:1025/fr/\") at /home/greg/Projects/sites/bobinaudio/vendor/symfony/http-kernel/Symfony/Component/HttpKernel/EventListener/RouterListener.php:145, Symfony\\Component\\Routing\\Exception\\ResourceNotFoundException:  at /home/greg/Projects/sites/bobinaudio/vendor/symfony/routing/Symfony/Component/Routing/Matcher/UrlMatcher.php:96)"} []
[2014-05-06 19:18:50] myapp.INFO: < 404 [] []
[2014-05-06 19:18:50] myapp.ERROR: Symfony\Component\HttpKernel\Exception\NotFoundHttpException: No route found for "GET /images/transfo1.jpg" (from "http://localhost:1025/fr/") (uncaught exception) at /home/greg/Projects/sites/bobinaudio/vendor/symfony/http-kernel/Symfony/Component/HttpKernel/EventListener/RouterListener.php line 145 {"exception":"[object] (Symfony\\Component\\HttpKernel\\Exception\\NotFoundHttpException: No route found for \"GET /images/transfo1.jpg\" (from \"http://localhost:1025/fr/\") at /home/greg/Projects/sites/bobinaudio/vendor/symfony/http-kernel/Symfony/Component/HttpKernel/EventListener/RouterListener.php:145, Symfony\\Component\\Routing\\Exception\\ResourceNotFoundException:  at /home/greg/Projects/sites/bobinaudio/vendor/symfony/routing/Symfony/Component/Routing/Matcher/UrlMatcher.php:96)"} []
[2014-05-06 19:18:50] myapp.INFO: < 404 [] []
[2014-05-06 19:18:50] myapp.ERROR: Symfony\Component\HttpKernel\Exception\NotFoundHttpException: No route found for "GET /images/en.png" (from "http://localhost:1025/fr/") (uncaught exception) at /home/greg/Projects/sites/bobinaudio/vendor/symfony/http-kernel/Symfony/Component/HttpKernel/EventListener/RouterListener.php line 145 {"exception":"[object] (Symfony\\Component\\HttpKernel\\Exception\\NotFoundHttpException: No route found for \"GET /images/en.png\" (from \"http://localhost:1025/fr/\") at /home/greg/Projects/sites/bobinaudio/vendor/symfony/http-kernel/Symfony/Component/HttpKernel/EventListener/RouterListener.php:145, Symfony\\Component\\Routing\\Exception\\ResourceNotFoundException:  at /home/greg/Projects/sites/bobinaudio/vendor/symfony/routing/Symfony/Component/Routing/Matcher/UrlMatcher.php:96)"} []
[2014-05-06 19:18:50] myapp.INFO: < 404 [] []
[2014-05-06 19:18:51] myapp.ERROR: Symfony\Component\HttpKernel\Exception\NotFoundHttpException: No route found for "GET /js/bootstrap.min.js" (from "http://localhost:1025/fr/") (uncaught exception) at /home/greg/Projects/sites/bobinaudio/vendor/symfony/http-kernel/Symfony/Component/HttpKernel/EventListener/RouterListener.php line 145 {"exception":"[object] (Symfony\\Component\\HttpKernel\\Exception\\NotFoundHttpException: No route found for \"GET /js/bootstrap.min.js\" (from \"http://localhost:1025/fr/\") at /home/greg/Projects/sites/bobinaudio/vendor/symfony/http-kernel/Symfony/Component/HttpKernel/EventListener/RouterListener.php:145, Symfony\\Component\\Routing\\Exception\\ResourceNotFoundException:  at /home/greg/Projects/sites/bobinaudio/vendor/symfony/routing/Symfony/Component/Routing/Matcher/UrlMatcher.php:96)"} []
[2014-05-06 19:18:51] myapp.INFO: < 404 [] []
[2014-05-06 19:19:27] myapp.INFO: Matched route "main_index" (parameters: "_controller": "[{},"executeIndex"]", "_locale": "fr", "_route": "main_index") [] []
[2014-05-06 19:19:27] myapp.INFO: > GET /fr/ [] []
[2014-05-06 19:19:27] myapp.INFO: Matched route "main_navbar" (parameters: "_controller": "[{},"executeNavbar"]", "_locale": "fr", "_route": "main_navbar") [] []
[2014-05-06 19:19:27] myapp.INFO: < 200 [] []
[2014-05-06 19:19:27] myapp.INFO: Matched route "index" (parameters: "_controller": "{}", "_route": "index") [] []
[2014-05-06 19:19:27] myapp.INFO: > GET /css/bootstrap.min.css [] []
[2014-05-06 19:19:27] myapp.INFO: < 302 /css/bootstrap.min.css/fr/ [] []
[2014-05-06 19:19:27] myapp.ERROR: Symfony\Component\HttpKernel\Exception\NotFoundHttpException: No route found for "GET /js/bootstrap.min.js" (from "http://localhost:1025/fr/") (uncaught exception) at /home/greg/Projects/sites/bobinaudio/vendor/symfony/http-kernel/Symfony/Component/HttpKernel/EventListener/RouterListener.php line 145 {"exception":"[object] (Symfony\\Component\\HttpKernel\\Exception\\NotFoundHttpException: No route found for \"GET /js/bootstrap.min.js\" (from \"http://localhost:1025/fr/\") at /home/greg/Projects/sites/bobinaudio/vendor/symfony/http-kernel/Symfony/Component/HttpKernel/EventListener/RouterListener.php:145, Symfony\\Component\\Routing\\Exception\\ResourceNotFoundException:  at /home/greg/Projects/sites/bobinaudio/vendor/symfony/routing/Symfony/Component/Routing/Matcher/UrlMatcher.php:96)"} []
[2014-05-06 19:19:27] myapp.INFO: < 404 [] []
[2014-05-06 19:19:27] myapp.ERROR: Symfony\Component\HttpKernel\Exception\NotFoundHttpException: No route found for "GET /images/transfo1.jpg" (from "http://localhost:1025/fr/") (uncaught exception) at /home/greg/Projects/sites/bobinaudio/vendor/symfony/http-kernel/Symfony/Component/HttpKernel/EventListener/RouterListener.php line 145 {"exception":"[object] (Symfony\\Component\\HttpKernel\\Exception\\NotFoundHttpException: No route found for \"GET /images/transfo1.jpg\" (from \"http://localhost:1025/fr/\") at /home/greg/Projects/sites/bobinaudio/vendor/symfony/http-kernel/Symfony/Component/HttpKernel/EventListener/RouterListener.php:145, Symfony\\Component\\Routing\\Exception\\ResourceNotFoundException:  at /home/greg/Projects/sites/bobinaudio/vendor/symfony/routing/Symfony/Component/Routing/Matcher/UrlMatcher.php:96)"} []
[2014-05-06 19:19:27] myapp.INFO: < 404 [] []
[2014-05-06 19:19:27] myapp.ERROR: Symfony\Component\HttpKernel\Exception\NotFoundHttpException: No route found for "GET /images/en.png" (from "http://localhost:1025/fr/") (uncaught exception) at /home/greg/Projects/sites/bobinaudio/vendor/symfony/http-kernel/Symfony/Component/HttpKernel/EventListener/RouterListener.php line 145 {"exception":"[object] (Symfony\\Component\\HttpKernel\\Exception\\NotFoundHttpException: No route found for \"GET /images/en.png\" (from \"http://localhost:1025/fr/\") at /home/greg/Projects/sites/bobinaudio/vendor/symfony/http-kernel/Symfony/Component/HttpKernel/EventListener/RouterListener.php:145, Symfony\\Component\\Routing\\Exception\\ResourceNotFoundException:  at /home/greg/Projects/sites/bobinaudio/vendor/symfony/routing/Symfony/Component/Routing/Matcher/UrlMatcher.php:96)"} []
[2014-05-06 19:19:27] myapp.INFO: < 404 [] []
[2014-05-06 19:19:27] myapp.INFO: Matched route "main_index" (parameters: "_controller": "[{},"executeIndex"]", "_locale": "fr", "_route": "main_index") [] []
[2014-05-06 19:19:27] myapp.INFO: > GET /css/bootstrap.min.css/fr/ [] []
[2014-05-06 19:19:27] myapp.INFO: Matched route "main_navbar" (parameters: "_controller": "[{},"executeNavbar"]", "_locale": "fr", "_route": "main_navbar") [] []
[2014-05-06 19:19:27] myapp.INFO: < 200 [] []
[2014-05-06 19:19:27] myapp.ERROR: Symfony\Component\HttpKernel\Exception\NotFoundHttpException: No route found for "GET /js/bootstrap.min.js" (from "http://localhost:1025/fr/") (uncaught exception) at /home/greg/Projects/sites/bobinaudio/vendor/symfony/http-kernel/Symfony/Component/HttpKernel/EventListener/RouterListener.php line 145 {"exception":"[object] (Symfony\\Component\\HttpKernel\\Exception\\NotFoundHttpException: No route found for \"GET /js/bootstrap.min.js\" (from \"http://localhost:1025/fr/\") at /home/greg/Projects/sites/bobinaudio/vendor/symfony/http-kernel/Symfony/Component/HttpKernel/EventListener/RouterListener.php:145, Symfony\\Component\\Routing\\Exception\\ResourceNotFoundException:  at /home/greg/Projects/sites/bobinaudio/vendor/symfony/routing/Symfony/Component/Routing/Matcher/UrlMatcher.php:96)"} []
[2014-05-06 19:19:27] myapp.INFO: < 404 [] []
[2014-05-06 19:19:58] myapp.INFO: Matched route "main_index" (parameters: "_controller": "[{},"executeIndex"]", "_locale": "fr", "_route": "main_index") [] []
[2014-05-06 19:19:58] myapp.INFO: > GET /fr/ [] []
[2014-05-06 19:19:58] myapp.INFO: Matched route "main_navbar" (parameters: "_controller": "[{},"executeNavbar"]", "_locale": "fr", "_route": "main_navbar") [] []
[2014-05-06 19:19:58] myapp.INFO: < 200 [] []
[2014-05-06 19:19:58] myapp.INFO: Matched route "index" (parameters: "_controller": "{}", "_route": "index") [] []
[2014-05-06 19:19:58] myapp.INFO: > GET /css/bootstrap.min.css [] []
[2014-05-06 19:19:58] myapp.INFO: < 302 /css/bootstrap.min.css/fr/ [] []
[2014-05-06 19:19:58] myapp.ERROR: Symfony\Component\HttpKernel\Exception\NotFoundHttpException: No route found for "GET /js/bootstrap.min.js" (from "http://localhost:1025/fr/") (uncaught exception) at /home/greg/Projects/sites/bobinaudio/vendor/symfony/http-kernel/Symfony/Component/HttpKernel/EventListener/RouterListener.php line 145 {"exception":"[object] (Symfony\\Component\\HttpKernel\\Exception\\NotFoundHttpException: No route found for \"GET /js/bootstrap.min.js\" (from \"http://localhost:1025/fr/\") at /home/greg/Projects/sites/bobinaudio/vendor/symfony/http-kernel/Symfony/Component/HttpKernel/EventListener/RouterListener.php:145, Symfony\\Component\\Routing\\Exception\\ResourceNotFoundException:  at /home/greg/Projects/sites/bobinaudio/vendor/symfony/routing/Symfony/Component/Routing/Matcher/UrlMatcher.php:96)"} []
[2014-05-06 19:19:58] myapp.INFO: < 404 [] []
[2014-05-06 19:19:58] myapp.INFO: Matched route "index" (parameters: "_controller": "{}", "_route": "index") [] []
[2014-05-06 19:19:58] myapp.INFO: > GET /images/transfo1.jpg [] []
[2014-05-06 19:19:58] myapp.INFO: < 302 /images/transfo1.jpg/fr/ [] []
[2014-05-06 19:19:58] myapp.INFO: Matched route "index" (parameters: "_controller": "{}", "_route": "index") [] []
[2014-05-06 19:19:58] myapp.INFO: > GET /images/en.png [] []
[2014-05-06 19:19:58] myapp.INFO: < 302 /images/en.png/fr/ [] []
[2014-05-06 19:19:58] myapp.INFO: Matched route "main_index" (parameters: "_controller": "[{},"executeIndex"]", "_locale": "fr", "_route": "main_index") [] []
[2014-05-06 19:19:58] myapp.INFO: > GET /css/bootstrap.min.css/fr/ [] []
[2014-05-06 19:19:58] myapp.INFO: Matched route "main_navbar" (parameters: "_controller": "[{},"executeNavbar"]", "_locale": "fr", "_route": "main_navbar") [] []
[2014-05-06 19:19:58] myapp.INFO: < 200 [] []
[2014-05-06 19:19:58] myapp.INFO: Matched route "main_index" (parameters: "_controller": "[{},"executeIndex"]", "_locale": "fr", "_route": "main_index") [] []
[2014-05-06 19:19:58] myapp.INFO: > GET /images/transfo1.jpg/fr/ [] []
[2014-05-06 19:19:58] myapp.INFO: Matched route "main_navbar" (parameters: "_controller": "[{},"executeNavbar"]", "_locale": "fr", "_route": "main_navbar") [] []
[2014-05-06 19:19:58] myapp.INFO: < 200 [] []
[2014-05-06 19:19:58] myapp.INFO: Matched route "main_index" (parameters: "_controller": "[{},"executeIndex"]", "_locale": "fr", "_route": "main_index") [] []
[2014-05-06 19:19:58] myapp.INFO: > GET /images/en.png/fr/ [] []
[2014-05-06 19:19:58] myapp.INFO: Matched route "main_navbar" (parameters: "_controller": "[{},"executeNavbar"]", "_locale": "fr", "_route": "main_navbar") [] []
[2014-05-06 19:19:58] myapp.INFO: < 200 [] []
[2014-05-06 19:19:58] myapp.ERROR: Symfony\Component\HttpKernel\Exception\NotFoundHttpException: No route found for "GET /js/bootstrap.min.js" (from "http://localhost:1025/fr/") (uncaught exception) at /home/greg/Projects/sites/bobinaudio/vendor/symfony/http-kernel/Symfony/Component/HttpKernel/EventListener/RouterListener.php line 145 {"exception":"[object] (Symfony\\Component\\HttpKernel\\Exception\\NotFoundHttpException: No route found for \"GET /js/bootstrap.min.js\" (from \"http://localhost:1025/fr/\") at /home/greg/Projects/sites/bobinaudio/vendor/symfony/http-kernel/Symfony/Component/HttpKernel/EventListener/RouterListener.php:145, Symfony\\Component\\Routing\\Exception\\ResourceNotFoundException:  at /home/greg/Projects/sites/bobinaudio/vendor/symfony/routing/Symfony/Component/Routing/Matcher/UrlMatcher.php:96)"} []
[2014-05-06 19:19:58] myapp.INFO: < 404 [] []
[2014-05-06 19:20:23] myapp.INFO: Matched route "main_index" (parameters: "_controller": "[{},"executeIndex"]", "_locale": "fr", "_route": "main_index") [] []
[2014-05-06 19:20:23] myapp.INFO: > GET /fr/ [] []
[2014-05-06 19:20:23] myapp.INFO: Matched route "main_navbar" (parameters: "_controller": "[{},"executeNavbar"]", "_locale": "fr", "_route": "main_navbar") [] []
[2014-05-06 19:20:23] myapp.INFO: < 200 [] []
[2014-05-06 19:20:23] myapp.INFO: Matched route "index" (parameters: "_controller": "{}", "_route": "index") [] []
[2014-05-06 19:20:23] myapp.INFO: > GET /css/bootstrap.min.css [] []
[2014-05-06 19:20:23] myapp.INFO: < 302 /css/bootstrap.min.css/fr/ [] []
[2014-05-06 19:20:23] myapp.ERROR: Symfony\Component\HttpKernel\Exception\NotFoundHttpException: No route found for "GET /js/bootstrap.min.js" (from "http://localhost:1025/fr/") (uncaught exception) at /home/greg/Projects/sites/bobinaudio/vendor/symfony/http-kernel/Symfony/Component/HttpKernel/EventListener/RouterListener.php line 145 {"exception":"[object] (Symfony\\Component\\HttpKernel\\Exception\\NotFoundHttpException: No route found for \"GET /js/bootstrap.min.js\" (from \"http://localhost:1025/fr/\") at /home/greg/Projects/sites/bobinaudio/vendor/symfony/http-kernel/Symfony/Component/HttpKernel/EventListener/RouterListener.php:145, Symfony\\Component\\Routing\\Exception\\ResourceNotFoundException:  at /home/greg/Projects/sites/bobinaudio/vendor/symfony/routing/Symfony/Component/Routing/Matcher/UrlMatcher.php:96)"} []
[2014-05-06 19:20:23] myapp.INFO: < 404 [] []
[2014-05-06 19:20:23] myapp.INFO: Matched route "index" (parameters: "_controller": "{}", "_route": "index") [] []
[2014-05-06 19:20:23] myapp.INFO: > GET /images/transfo1.jpg [] []
[2014-05-06 19:20:23] myapp.INFO: < 302 /images/transfo1.jpg/fr/ [] []
[2014-05-06 19:20:23] myapp.INFO: Matched route "index" (parameters: "_controller": "{}", "_route": "index") [] []
[2014-05-06 19:20:23] myapp.INFO: > GET /images/en.png [] []
[2014-05-06 19:20:23] myapp.INFO: < 302 /images/en.png/fr/ [] []
[2014-05-06 19:20:23] myapp.INFO: Matched route "main_index" (parameters: "_controller": "[{},"executeIndex"]", "_locale": "fr", "_route": "main_index") [] []
[2014-05-06 19:20:23] myapp.INFO: > GET /css/bootstrap.min.css/fr/ [] []
[2014-05-06 19:20:23] myapp.INFO: Matched route "main_navbar" (parameters: "_controller": "[{},"executeNavbar"]", "_locale": "fr", "_route": "main_navbar") [] []
[2014-05-06 19:20:23] myapp.INFO: < 200 [] []
[2014-05-06 19:20:23] myapp.INFO: Matched route "main_index" (parameters: "_controller": "[{},"executeIndex"]", "_locale": "fr", "_route": "main_index") [] []
[2014-05-06 19:20:23] myapp.INFO: > GET /images/transfo1.jpg/fr/ [] []
[2014-05-06 19:20:23] myapp.INFO: Matched route "main_navbar" (parameters: "_controller": "[{},"executeNavbar"]", "_locale": "fr", "_route": "main_navbar") [] []
[2014-05-06 19:20:23] myapp.INFO: < 200 [] []
[2014-05-06 19:20:23] myapp.INFO: Matched route "main_index" (parameters: "_controller": "[{},"executeIndex"]", "_locale": "fr", "_route": "main_index") [] []
[2014-05-06 19:20:23] myapp.INFO: > GET /images/en.png/fr/ [] []
[2014-05-06 19:20:23] myapp.INFO: Matched route "main_navbar" (parameters: "_controller": "[{},"executeNavbar"]", "_locale": "fr", "_route": "main_navbar") [] []
[2014-05-06 19:20:23] myapp.INFO: < 200 [] []
[2014-05-06 19:22:31] myapp.INFO: Matched route "main_index" (parameters: "_controller": "[{},"executeIndex"]", "_locale": "fr", "_route": "main_index") [] []
[2014-05-06 19:22:31] myapp.INFO: > GET /fr/ [] []
[2014-05-06 19:22:31] myapp.INFO: Matched route "main_navbar" (parameters: "_controller": "[{},"executeNavbar"]", "_locale": "fr", "_route": "main_navbar") [] []
[2014-05-06 19:22:31] myapp.INFO: < 200 [] []
[2014-05-06 19:22:31] myapp.INFO: Matched route "index" (parameters: "_controller": "{}", "_route": "index") [] []
[2014-05-06 19:22:31] myapp.INFO: > GET /css/bootstrap.min.css [] []
[2014-05-06 19:22:31] myapp.INFO: < 302 /css/bootstrap.min.css/fr/ [] []
[2014-05-06 19:22:31] myapp.ERROR: Symfony\Component\HttpKernel\Exception\NotFoundHttpException: No route found for "GET /js/bootstrap.min.js" (from "http://localhost:1025/fr/") (uncaught exception) at /home/greg/Projects/sites/bobinaudio/vendor/symfony/http-kernel/Symfony/Component/HttpKernel/EventListener/RouterListener.php line 145 {"exception":"[object] (Symfony\\Component\\HttpKernel\\Exception\\NotFoundHttpException: No route found for \"GET /js/bootstrap.min.js\" (from \"http://localhost:1025/fr/\") at /home/greg/Projects/sites/bobinaudio/vendor/symfony/http-kernel/Symfony/Component/HttpKernel/EventListener/RouterListener.php:145, Symfony\\Component\\Routing\\Exception\\ResourceNotFoundException:  at /home/greg/Projects/sites/bobinaudio/vendor/symfony/routing/Symfony/Component/Routing/Matcher/UrlMatcher.php:96)"} []
[2014-05-06 19:22:31] myapp.INFO: < 404 [] []
[2014-05-06 19:22:31] myapp.INFO: Matched route "index" (parameters: "_controller": "{}", "_route": "index") [] []
[2014-05-06 19:22:31] myapp.INFO: > GET /images/en.png [] []
[2014-05-06 19:22:31] myapp.INFO: < 302 /images/en.png/fr/ [] []
[2014-05-06 19:22:31] myapp.INFO: Matched route "index" (parameters: "_controller": "{}", "_route": "index") [] []
[2014-05-06 19:22:31] myapp.INFO: > GET /images/transfo1.jpg [] []
[2014-05-06 19:22:31] myapp.INFO: < 302 /images/transfo1.jpg/fr/ [] []
[2014-05-06 19:22:31] myapp.INFO: Matched route "main_index" (parameters: "_controller": "[{},"executeIndex"]", "_locale": "fr", "_route": "main_index") [] []
[2014-05-06 19:22:31] myapp.INFO: > GET /css/bootstrap.min.css/fr/ [] []
[2014-05-06 19:22:31] myapp.INFO: Matched route "main_navbar" (parameters: "_controller": "[{},"executeNavbar"]", "_locale": "fr", "_route": "main_navbar") [] []
[2014-05-06 19:22:31] myapp.INFO: < 200 [] []
[2014-05-06 19:22:31] myapp.INFO: Matched route "main_index" (parameters: "_controller": "[{},"executeIndex"]", "_locale": "fr", "_route": "main_index") [] []
[2014-05-06 19:22:31] myapp.INFO: > GET /images/en.png/fr/ [] []
[2014-05-06 19:22:31] myapp.INFO: Matched route "main_navbar" (parameters: "_controller": "[{},"executeNavbar"]", "_locale": "fr", "_route": "main_navbar") [] []
[2014-05-06 19:22:31] myapp.INFO: < 200 [] []
[2014-05-06 19:22:31] myapp.INFO: Matched route "main_index" (parameters: "_controller": "[{},"executeIndex"]", "_locale": "fr", "_route": "main_index") [] []
[2014-05-06 19:22:31] myapp.INFO: > GET /images/transfo1.jpg/fr/ [] []
[2014-05-06 19:22:31] myapp.INFO: Matched route "main_navbar" (parameters: "_controller": "[{},"executeNavbar"]", "_locale": "fr", "_route": "main_navbar") [] []
[2014-05-06 19:22:31] myapp.INFO: < 200 [] []
[2014-05-06 19:22:31] myapp.ERROR: Symfony\Component\HttpKernel\Exception\NotFoundHttpException: No route found for "GET /js/bootstrap.min.js" (from "http://localhost:1025/fr/") (uncaught exception) at /home/greg/Projects/sites/bobinaudio/vendor/symfony/http-kernel/Symfony/Component/HttpKernel/EventListener/RouterListener.php line 145 {"exception":"[object] (Symfony\\Component\\HttpKernel\\Exception\\NotFoundHttpException: No route found for \"GET /js/bootstrap.min.js\" (from \"http://localhost:1025/fr/\") at /home/greg/Projects/sites/bobinaudio/vendor/symfony/http-kernel/Symfony/Component/HttpKernel/EventListener/RouterListener.php:145, Symfony\\Component\\Routing\\Exception\\ResourceNotFoundException:  at /home/greg/Projects/sites/bobinaudio/vendor/symfony/routing/Symfony/Component/Routing/Matcher/UrlMatcher.php:96)"} []
[2014-05-06 19:22:31] myapp.INFO: < 404 [] []
[2014-05-06 19:22:39] myapp.INFO: Matched route "main_index" (parameters: "_controller": "[{},"executeIndex"]", "_locale": "fr", "_route": "main_index") [] []
[2014-05-06 19:22:39] myapp.INFO: > GET /fr/ [] []
[2014-05-06 19:22:39] myapp.INFO: Matched route "main_navbar" (parameters: "_controller": "[{},"executeNavbar"]", "_locale": "fr", "_route": "main_navbar") [] []
[2014-05-06 19:22:39] myapp.INFO: < 200 [] []
[2014-05-06 19:22:39] myapp.INFO: Matched route "index" (parameters: "_controller": "{}", "_route": "index") [] []
[2014-05-06 19:22:39] myapp.INFO: > GET /css/bootstrap.min.css [] []
[2014-05-06 19:22:39] myapp.INFO: < 302 /css/bootstrap.min.css/fr/ [] []
[2014-05-06 19:22:39] myapp.ERROR: Symfony\Component\HttpKernel\Exception\NotFoundHttpException: No route found for "GET /js/bootstrap.min.js" (from "http://localhost:1025/fr/") (uncaught exception) at /home/greg/Projects/sites/bobinaudio/vendor/symfony/http-kernel/Symfony/Component/HttpKernel/EventListener/RouterListener.php line 145 {"exception":"[object] (Symfony\\Component\\HttpKernel\\Exception\\NotFoundHttpException: No route found for \"GET /js/bootstrap.min.js\" (from \"http://localhost:1025/fr/\") at /home/greg/Projects/sites/bobinaudio/vendor/symfony/http-kernel/Symfony/Component/HttpKernel/EventListener/RouterListener.php:145, Symfony\\Component\\Routing\\Exception\\ResourceNotFoundException:  at /home/greg/Projects/sites/bobinaudio/vendor/symfony/routing/Symfony/Component/Routing/Matcher/UrlMatcher.php:96)"} []
[2014-05-06 19:22:39] myapp.INFO: < 404 [] []
[2014-05-06 19:22:39] myapp.INFO: Matched route "index" (parameters: "_controller": "{}", "_route": "index") [] []
[2014-05-06 19:22:39] myapp.INFO: > GET /images/transfo1.jpg [] []
[2014-05-06 19:22:39] myapp.INFO: < 302 /images/transfo1.jpg/fr/ [] []
[2014-05-06 19:22:39] myapp.INFO: Matched route "index" (parameters: "_controller": "{}", "_route": "index") [] []
[2014-05-06 19:22:39] myapp.INFO: > GET /images/en.png [] []
[2014-05-06 19:22:39] myapp.INFO: < 302 /images/en.png/fr/ [] []
[2014-05-06 19:22:39] myapp.INFO: Matched route "main_index" (parameters: "_controller": "[{},"executeIndex"]", "_locale": "fr", "_route": "main_index") [] []
[2014-05-06 19:22:39] myapp.INFO: > GET /css/bootstrap.min.css/fr/ [] []
[2014-05-06 19:22:39] myapp.INFO: Matched route "main_navbar" (parameters: "_controller": "[{},"executeNavbar"]", "_locale": "fr", "_route": "main_navbar") [] []
[2014-05-06 19:22:39] myapp.INFO: < 200 [] []
[2014-05-06 19:22:39] myapp.INFO: Matched route "main_index" (parameters: "_controller": "[{},"executeIndex"]", "_locale": "fr", "_route": "main_index") [] []
[2014-05-06 19:22:39] myapp.INFO: > GET /images/transfo1.jpg/fr/ [] []
[2014-05-06 19:22:39] myapp.INFO: Matched route "main_navbar" (parameters: "_controller": "[{},"executeNavbar"]", "_locale": "fr", "_route": "main_navbar") [] []
[2014-05-06 19:22:39] myapp.INFO: < 200 [] []
[2014-05-06 19:22:39] myapp.INFO: Matched route "main_index" (parameters: "_controller": "[{},"executeIndex"]", "_locale": "fr", "_route": "main_index") [] []
[2014-05-06 19:22:39] myapp.INFO: > GET /images/en.png/fr/ [] []
[2014-05-06 19:22:39] myapp.INFO: Matched route "main_navbar" (parameters: "_controller": "[{},"executeNavbar"]", "_locale": "fr", "_route": "main_navbar") [] []
[2014-05-06 19:22:39] myapp.INFO: < 200 [] []
[2014-05-06 19:22:39] myapp.ERROR: Symfony\Component\HttpKernel\Exception\NotFoundHttpException: No route found for "GET /js/bootstrap.min.js" (from "http://localhost:1025/fr/") (uncaught exception) at /home/greg/Projects/sites/bobinaudio/vendor/symfony/http-kernel/Symfony/Component/HttpKernel/EventListener/RouterListener.php line 145 {"exception":"[object] (Symfony\\Component\\HttpKernel\\Exception\\NotFoundHttpException: No route found for \"GET /js/bootstrap.min.js\" (from \"http://localhost:1025/fr/\") at /home/greg/Projects/sites/bobinaudio/vendor/symfony/http-kernel/Symfony/Component/HttpKernel/EventListener/RouterListener.php:145, Symfony\\Component\\Routing\\Exception\\ResourceNotFoundException:  at /home/greg/Projects/sites/bobinaudio/vendor/symfony/routing/Symfony/Component/Routing/Matcher/UrlMatcher.php:96)"} []
[2014-05-06 19:22:39] myapp.INFO: < 404 [] []
[2014-05-06 19:22:55] myapp.INFO: Matched route "main_index" (parameters: "_controller": "[{},"executeIndex"]", "_locale": "fr", "_route": "main_index") [] []
[2014-05-06 19:22:55] myapp.INFO: > GET /fr/ [] []
[2014-05-06 19:22:55] myapp.INFO: Matched route "main_navbar" (parameters: "_controller": "[{},"executeNavbar"]", "_locale": "fr", "_route": "main_navbar") [] []
[2014-05-06 19:22:55] myapp.INFO: < 200 [] []
[2014-05-06 19:22:55] myapp.INFO: Matched route "index" (parameters: "_controller": "{}", "_route": "index") [] []
[2014-05-06 19:22:55] myapp.INFO: > GET /css/bootstrap.min.css [] []
[2014-05-06 19:22:55] myapp.INFO: < 302 /css/bootstrap.min.css/fr/ [] []
[2014-05-06 19:22:55] myapp.ERROR: Symfony\Component\HttpKernel\Exception\NotFoundHttpException: No route found for "GET /js/bootstrap.min.js" (from "http://localhost:1025/fr/") (uncaught exception) at /home/greg/Projects/sites/bobinaudio/vendor/symfony/http-kernel/Symfony/Component/HttpKernel/EventListener/RouterListener.php line 145 {"exception":"[object] (Symfony\\Component\\HttpKernel\\Exception\\NotFoundHttpException: No route found for \"GET /js/bootstrap.min.js\" (from \"http://localhost:1025/fr/\") at /home/greg/Projects/sites/bobinaudio/vendor/symfony/http-kernel/Symfony/Component/HttpKernel/EventListener/RouterListener.php:145, Symfony\\Component\\Routing\\Exception\\ResourceNotFoundException:  at /home/greg/Projects/sites/bobinaudio/vendor/symfony/routing/Symfony/Component/Routing/Matcher/UrlMatcher.php:96)"} []
[2014-05-06 19:22:55] myapp.INFO: < 404 [] []
[2014-05-06 19:22:55] myapp.INFO: Matched route "index" (parameters: "_controller": "{}", "_route": "index") [] []
[2014-05-06 19:22:55] myapp.INFO: > GET /images/en.png [] []
[2014-05-06 19:22:55] myapp.INFO: < 302 /images/en.png/fr/ [] []
[2014-05-06 19:22:56] myapp.INFO: Matched route "index" (parameters: "_controller": "{}", "_route": "index") [] []
[2014-05-06 19:22:56] myapp.INFO: > GET /images/transfo1.jpg [] []
[2014-05-06 19:22:56] myapp.INFO: < 302 /images/transfo1.jpg/fr/ [] []
[2014-05-06 19:22:56] myapp.ERROR: Symfony\Component\HttpKernel\Exception\NotFoundHttpException: No route found for "GET /js/bootstrap.min.js" (from "http://localhost:1025/fr/") (uncaught exception) at /home/greg/Projects/sites/bobinaudio/vendor/symfony/http-kernel/Symfony/Component/HttpKernel/EventListener/RouterListener.php line 145 {"exception":"[object] (Symfony\\Component\\HttpKernel\\Exception\\NotFoundHttpException: No route found for \"GET /js/bootstrap.min.js\" (from \"http://localhost:1025/fr/\") at /home/greg/Projects/sites/bobinaudio/vendor/symfony/http-kernel/Symfony/Component/HttpKernel/EventListener/RouterListener.php:145, Symfony\\Component\\Routing\\Exception\\ResourceNotFoundException:  at /home/greg/Projects/sites/bobinaudio/vendor/symfony/routing/Symfony/Component/Routing/Matcher/UrlMatcher.php:96)"} []
[2014-05-06 19:22:56] myapp.INFO: < 404 [] []
[2014-05-06 19:22:56] myapp.INFO: Matched route "main_index" (parameters: "_controller": "[{},"executeIndex"]", "_locale": "fr", "_route": "main_index") [] []
[2014-05-06 19:22:56] myapp.INFO: > GET /css/bootstrap.min.css/fr/ [] []
[2014-05-06 19:22:56] myapp.INFO: Matched route "main_navbar" (parameters: "_controller": "[{},"executeNavbar"]", "_locale": "fr", "_route": "main_navbar") [] []
[2014-05-06 19:22:56] myapp.INFO: < 200 [] []
[2014-05-06 19:22:56] myapp.INFO: Matched route "main_index" (parameters: "_controller": "[{},"executeIndex"]", "_locale": "fr", "_route": "main_index") [] []
[2014-05-06 19:22:56] myapp.INFO: > GET /images/en.png/fr/ [] []
[2014-05-06 19:22:56] myapp.INFO: Matched route "main_navbar" (parameters: "_controller": "[{},"executeNavbar"]", "_locale": "fr", "_route": "main_navbar") [] []
[2014-05-06 19:22:56] myapp.INFO: < 200 [] []
[2014-05-06 19:22:56] myapp.INFO: Matched route "main_index" (parameters: "_controller": "[{},"executeIndex"]", "_locale": "fr", "_route": "main_index") [] []
[2014-05-06 19:22:56] myapp.INFO: > GET /images/transfo1.jpg/fr/ [] []
[2014-05-06 19:22:56] myapp.INFO: Matched route "main_navbar" (parameters: "_controller": "[{},"executeNavbar"]", "_locale": "fr", "_route": "main_navbar") [] []
[2014-05-06 19:22:56] myapp.INFO: < 200 [] []
[2014-05-06 19:23:26] myapp.INFO: Matched route "main_index" (parameters: "_controller": "[{},"executeIndex"]", "_locale": "fr", "_route": "main_index") [] []
[2014-05-06 19:23:26] myapp.INFO: > GET /fr/ [] []
[2014-05-06 19:23:26] myapp.INFO: Matched route "main_navbar" (parameters: "_controller": "[{},"executeNavbar"]", "_locale": "fr", "_route": "main_navbar") [] []
[2014-05-06 19:23:26] myapp.INFO: < 200 [] []
[2014-05-06 19:23:26] myapp.INFO: Matched route "index" (parameters: "_controller": "{}", "_route": "index") [] []
[2014-05-06 19:23:26] myapp.INFO: > GET /css/bootstrap.min.css [] []
[2014-05-06 19:23:26] myapp.INFO: < 302 /css/bootstrap.min.css/fr/ [] []
[2014-05-06 19:23:26] myapp.INFO: Matched route "index" (parameters: "_controller": "{}", "_route": "index") [] []
[2014-05-06 19:23:26] myapp.INFO: > GET /js/bootstrap.min.js [] []
[2014-05-06 19:23:26] myapp.INFO: < 302 /js/bootstrap.min.js/fr/ [] []
[2014-05-06 19:23:26] myapp.INFO: Matched route "index" (parameters: "_controller": "{}", "_route": "index") [] []
[2014-05-06 19:23:26] myapp.INFO: > GET /images/transfo1.jpg [] []
[2014-05-06 19:23:26] myapp.INFO: < 302 /images/transfo1.jpg/fr/ [] []
[2014-05-06 19:23:26] myapp.INFO: Matched route "index" (parameters: "_controller": "{}", "_route": "index") [] []
[2014-05-06 19:23:26] myapp.INFO: > GET /images/en.png [] []
[2014-05-06 19:23:26] myapp.INFO: < 302 /images/en.png/fr/ [] []
[2014-05-06 19:23:27] myapp.INFO: Matched route "main_index" (parameters: "_controller": "[{},"executeIndex"]", "_locale": "fr", "_route": "main_index") [] []
[2014-05-06 19:23:27] myapp.INFO: > GET /css/bootstrap.min.css/fr/ [] []
[2014-05-06 19:23:27] myapp.INFO: Matched route "main_navbar" (parameters: "_controller": "[{},"executeNavbar"]", "_locale": "fr", "_route": "main_navbar") [] []
[2014-05-06 19:23:27] myapp.INFO: < 200 [] []
[2014-05-06 19:23:27] myapp.INFO: Matched route "main_index" (parameters: "_controller": "[{},"executeIndex"]", "_locale": "fr", "_route": "main_index") [] []
[2014-05-06 19:23:27] myapp.INFO: > GET /js/bootstrap.min.js/fr/ [] []
[2014-05-06 19:23:27] myapp.INFO: Matched route "main_navbar" (parameters: "_controller": "[{},"executeNavbar"]", "_locale": "fr", "_route": "main_navbar") [] []
[2014-05-06 19:23:27] myapp.INFO: < 200 [] []
[2014-05-06 19:23:27] myapp.INFO: Matched route "main_index" (parameters: "_controller": "[{},"executeIndex"]", "_locale": "fr", "_route": "main_index") [] []
[2014-05-06 19:23:27] myapp.INFO: > GET /images/transfo1.jpg/fr/ [] []
[2014-05-06 19:23:27] myapp.INFO: Matched route "main_navbar" (parameters: "_controller": "[{},"executeNavbar"]", "_locale": "fr", "_route": "main_navbar") [] []
[2014-05-06 19:23:27] myapp.INFO: < 200 [] []
[2014-05-06 19:23:27] myapp.INFO: Matched route "main_index" (parameters: "_controller": "[{},"executeIndex"]", "_locale": "fr", "_route": "main_index") [] []
[2014-05-06 19:23:27] myapp.INFO: > GET /images/en.png/fr/ [] []
[2014-05-06 19:23:27] myapp.INFO: Matched route "main_navbar" (parameters: "_controller": "[{},"executeNavbar"]", "_locale": "fr", "_route": "main_navbar") [] []
[2014-05-06 19:23:27] myapp.INFO: < 200 [] []
[2014-05-06 19:23:55] myapp.INFO: Matched route "main_index" (parameters: "_controller": "[{},"executeIndex"]", "_locale": "fr", "_route": "main_index") [] []
[2014-05-06 19:23:55] myapp.INFO: > GET /fr/ [] []
[2014-05-06 19:23:55] myapp.INFO: Matched route "main_navbar" (parameters: "_controller": "[{},"executeNavbar"]", "_locale": "fr", "_route": "main_navbar") [] []
[2014-05-06 19:23:55] myapp.INFO: < 200 [] []
[2014-05-06 19:23:55] myapp.INFO: Matched route "index" (parameters: "_controller": "{}", "_route": "index") [] []
[2014-05-06 19:23:55] myapp.INFO: > GET /css/bootstrap.min.css [] []
[2014-05-06 19:23:55] myapp.INFO: < 302 /css/bootstrap.min.css/fr/ [] []
[2014-05-06 19:23:55] myapp.INFO: Matched route "index" (parameters: "_controller": "{}", "_route": "index") [] []
[2014-05-06 19:23:55] myapp.INFO: > GET /js/bootstrap.min.js [] []
[2014-05-06 19:23:55] myapp.INFO: < 302 /js/bootstrap.min.js/fr/ [] []
[2014-05-06 19:23:55] myapp.INFO: Matched route "index" (parameters: "_controller": "{}", "_route": "index") [] []
[2014-05-06 19:23:55] myapp.INFO: > GET /images/transfo1.jpg [] []
[2014-05-06 19:23:55] myapp.INFO: < 302 /images/transfo1.jpg/fr/ [] []
[2014-05-06 19:23:55] myapp.INFO: Matched route "index" (parameters: "_controller": "{}", "_route": "index") [] []
[2014-05-06 19:23:55] myapp.INFO: > GET /images/en.png [] []
[2014-05-06 19:23:55] myapp.INFO: < 302 /images/en.png/fr/ [] []
[2014-05-06 19:23:55] myapp.INFO: Matched route "main_index" (parameters: "_controller": "[{},"executeIndex"]", "_locale": "fr", "_route": "main_index") [] []
[2014-05-06 19:23:55] myapp.INFO: > GET /css/bootstrap.min.css/fr/ [] []
[2014-05-06 19:23:55] myapp.INFO: Matched route "main_navbar" (parameters: "_controller": "[{},"executeNavbar"]", "_locale": "fr", "_route": "main_navbar") [] []
[2014-05-06 19:23:55] myapp.INFO: < 200 [] []
[2014-05-06 19:23:55] myapp.INFO: Matched route "main_index" (parameters: "_controller": "[{},"executeIndex"]", "_locale": "fr", "_route": "main_index") [] []
[2014-05-06 19:23:55] myapp.INFO: > GET /js/bootstrap.min.js/fr/ [] []
[2014-05-06 19:23:55] myapp.INFO: Matched route "main_navbar" (parameters: "_controller": "[{},"executeNavbar"]", "_locale": "fr", "_route": "main_navbar") [] []
[2014-05-06 19:23:55] myapp.INFO: < 200 [] []
[2014-05-06 19:23:55] myapp.INFO: Matched route "main_index" (parameters: "_controller": "[{},"executeIndex"]", "_locale": "fr", "_route": "main_index") [] []
[2014-05-06 19:23:55] myapp.INFO: > GET /images/transfo1.jpg/fr/ [] []
[2014-05-06 19:23:55] myapp.INFO: Matched route "main_navbar" (parameters: "_controller": "[{},"executeNavbar"]", "_locale": "fr", "_route": "main_navbar") [] []
[2014-05-06 19:23:55] myapp.INFO: < 200 [] []
[2014-05-06 19:23:55] myapp.INFO: Matched route "main_index" (parameters: "_controller": "[{},"executeIndex"]", "_locale": "fr", "_route": "main_index") [] []
[2014-05-06 19:23:55] myapp.INFO: > GET /images/en.png/fr/ [] []
[2014-05-06 19:23:55] myapp.INFO: Matched route "main_navbar" (parameters: "_controller": "[{},"executeNavbar"]", "_locale": "fr", "_route": "main_navbar") [] []
[2014-05-06 19:23:55] myapp.INFO: < 200 [] []
[2014-05-06 19:26:43] myapp.INFO: Matched route "main_index" (parameters: "_controller": "[{},"executeIndex"]", "_locale": "fr", "_route": "main_index") [] []
[2014-05-06 19:26:43] myapp.INFO: > GET /fr/ [] []
[2014-05-06 19:26:43] myapp.INFO: Matched route "main_navbar" (parameters: "_controller": "[{},"executeNavbar"]", "_locale": "fr", "_route": "main_navbar") [] []
[2014-05-06 19:26:43] myapp.INFO: < 200 [] []
[2014-05-06 19:26:43] myapp.INFO: Matched route "index" (parameters: "_controller": "{}", "_route": "index") [] []
[2014-05-06 19:26:43] myapp.INFO: > GET /css/bootstrap.min.css [] []
[2014-05-06 19:26:43] myapp.INFO: < 302 /css/bootstrap.min.css/fr/ [] []
[2014-05-06 19:26:43] myapp.INFO: Matched route "index" (parameters: "_controller": "{}", "_route": "index") [] []
[2014-05-06 19:26:43] myapp.INFO: > GET /js/bootstrap.min.js [] []
[2014-05-06 19:26:43] myapp.INFO: < 302 /js/bootstrap.min.js/fr/ [] []
[2014-05-06 19:26:43] myapp.INFO: Matched route "index" (parameters: "_controller": "{}", "_route": "index") [] []
[2014-05-06 19:26:43] myapp.INFO: > GET /images/en.png [] []
[2014-05-06 19:26:43] myapp.INFO: < 302 /images/en.png/fr/ [] []
[2014-05-06 19:26:43] myapp.INFO: Matched route "index" (parameters: "_controller": "{}", "_route": "index") [] []
[2014-05-06 19:26:43] myapp.INFO: > GET /images/transfo1.jpg [] []
[2014-05-06 19:26:43] myapp.INFO: < 302 /images/transfo1.jpg/fr/ [] []
[2014-05-06 19:26:43] myapp.INFO: Matched route "main_index" (parameters: "_controller": "[{},"executeIndex"]", "_locale": "fr", "_route": "main_index") [] []
[2014-05-06 19:26:43] myapp.INFO: > GET /css/bootstrap.min.css/fr/ [] []
[2014-05-06 19:26:43] myapp.INFO: Matched route "main_navbar" (parameters: "_controller": "[{},"executeNavbar"]", "_locale": "fr", "_route": "main_navbar") [] []
[2014-05-06 19:26:43] myapp.INFO: < 200 [] []
[2014-05-06 19:26:43] myapp.INFO: Matched route "main_index" (parameters: "_controller": "[{},"executeIndex"]", "_locale": "fr", "_route": "main_index") [] []
[2014-05-06 19:26:43] myapp.INFO: > GET /js/bootstrap.min.js/fr/ [] []
[2014-05-06 19:26:43] myapp.INFO: Matched route "main_navbar" (parameters: "_controller": "[{},"executeNavbar"]", "_locale": "fr", "_route": "main_navbar") [] []
[2014-05-06 19:26:43] myapp.INFO: < 200 [] []
[2014-05-06 19:26:43] myapp.INFO: Matched route "main_index" (parameters: "_controller": "[{},"executeIndex"]", "_locale": "fr", "_route": "main_index") [] []
[2014-05-06 19:26:43] myapp.INFO: > GET /images/en.png/fr/ [] []
[2014-05-06 19:26:43] myapp.INFO: Matched route "main_navbar" (parameters: "_controller": "[{},"executeNavbar"]", "_locale": "fr", "_route": "main_navbar") [] []
[2014-05-06 19:26:43] myapp.INFO: < 200 [] []
[2014-05-06 19:26:43] myapp.INFO: Matched route "main_index" (parameters: "_controller": "[{},"executeIndex"]", "_locale": "fr", "_route": "main_index") [] []
[2014-05-06 19:26:43] myapp.INFO: > GET /images/transfo1.jpg/fr/ [] []
[2014-05-06 19:26:43] myapp.INFO: Matched route "main_navbar" (parameters: "_controller": "[{},"executeNavbar"]", "_locale": "fr", "_route": "main_navbar") [] []
[2014-05-06 19:26:43] myapp.INFO: < 200 [] []
[2014-05-06 19:26:50] myapp.INFO: Matched route "main_index" (parameters: "_controller": "[{},"executeIndex"]", "_locale": "fr", "_route": "main_index") [] []
[2014-05-06 19:26:50] myapp.INFO: > GET /fr/ [] []
[2014-05-06 19:26:50] myapp.INFO: Matched route "main_navbar" (parameters: "_controller": "[{},"executeNavbar"]", "_locale": "fr", "_route": "main_navbar") [] []
[2014-05-06 19:26:50] myapp.INFO: < 200 [] []
[2014-05-06 19:26:50] myapp.INFO: Matched route "index" (parameters: "_controller": "{}", "_route": "index") [] []
[2014-05-06 19:26:50] myapp.INFO: > GET /css/bootstrap.min.css [] []
[2014-05-06 19:26:50] myapp.INFO: < 302 /css/bootstrap.min.css/fr/ [] []
[2014-05-06 19:26:50] myapp.INFO: Matched route "index" (parameters: "_controller": "{}", "_route": "index") [] []
[2014-05-06 19:26:50] myapp.INFO: > GET /js/bootstrap.min.js [] []
[2014-05-06 19:26:50] myapp.INFO: < 302 /js/bootstrap.min.js/fr/ [] []
[2014-05-06 19:26:50] myapp.INFO: Matched route "index" (parameters: "_controller": "{}", "_route": "index") [] []
[2014-05-06 19:26:50] myapp.INFO: > GET /images/transfo1.jpg [] []
[2014-05-06 19:26:50] myapp.INFO: < 302 /images/transfo1.jpg/fr/ [] []
[2014-05-06 19:26:50] myapp.INFO: Matched route "index" (parameters: "_controller": "{}", "_route": "index") [] []
[2014-05-06 19:26:50] myapp.INFO: > GET /images/en.png [] []
[2014-05-06 19:26:50] myapp.INFO: < 302 /images/en.png/fr/ [] []
[2014-05-06 19:26:50] myapp.INFO: Matched route "main_index" (parameters: "_controller": "[{},"executeIndex"]", "_locale": "fr", "_route": "main_index") [] []
[2014-05-06 19:26:50] myapp.INFO: > GET /css/bootstrap.min.css/fr/ [] []
[2014-05-06 19:26:50] myapp.INFO: Matched route "main_navbar" (parameters: "_controller": "[{},"executeNavbar"]", "_locale": "fr", "_route": "main_navbar") [] []
[2014-05-06 19:26:50] myapp.INFO: < 200 [] []
[2014-05-06 19:26:50] myapp.INFO: Matched route "main_index" (parameters: "_controller": "[{},"executeIndex"]", "_locale": "fr", "_route": "main_index") [] []
[2014-05-06 19:26:50] myapp.INFO: > GET /js/bootstrap.min.js/fr/ [] []
[2014-05-06 19:26:50] myapp.INFO: Matched route "main_navbar" (parameters: "_controller": "[{},"executeNavbar"]", "_locale": "fr", "_route": "main_navbar") [] []
[2014-05-06 19:26:50] myapp.INFO: < 200 [] []
[2014-05-06 19:26:50] myapp.INFO: Matched route "main_index" (parameters: "_controller": "[{},"executeIndex"]", "_locale": "fr", "_route": "main_index") [] []
[2014-05-06 19:26:50] myapp.INFO: > GET /images/transfo1.jpg/fr/ [] []
[2014-05-06 19:26:50] myapp.INFO: Matched route "main_navbar" (parameters: "_controller": "[{},"executeNavbar"]", "_locale": "fr", "_route": "main_navbar") [] []
[2014-05-06 19:26:50] myapp.INFO: < 200 [] []
[2014-05-06 19:26:50] myapp.INFO: Matched route "main_index" (parameters: "_controller": "[{},"executeIndex"]", "_locale": "fr", "_route": "main_index") [] []
[2014-05-06 19:26:50] myapp.INFO: > GET /images/en.png/fr/ [] []
[2014-05-06 19:26:50] myapp.INFO: Matched route "main_navbar" (parameters: "_controller": "[{},"executeNavbar"]", "_locale": "fr", "_route": "main_navbar") [] []
[2014-05-06 19:26:51] myapp.INFO: < 200 [] []
[2014-05-06 19:27:24] myapp.INFO: Matched route "main_index" (parameters: "_controller": "[{},"executeIndex"]", "_locale": "fr", "_route": "main_index") [] []
[2014-05-06 19:27:24] myapp.INFO: > GET /fr/ [] []
[2014-05-06 19:27:24] myapp.INFO: Matched route "main_navbar" (parameters: "_controller": "[{},"executeNavbar"]", "_locale": "fr", "_route": "main_navbar") [] []
[2014-05-06 19:27:24] myapp.INFO: < 200 [] []
[2014-05-06 19:27:24] myapp.INFO: Matched route "index" (parameters: "_controller": "{}", "_route": "index") [] []
[2014-05-06 19:27:24] myapp.INFO: > GET /css/bootstrap.min.css [] []
[2014-05-06 19:27:24] myapp.INFO: < 302 /css/bootstrap.min.css/fr/ [] []
[2014-05-06 19:27:24] myapp.INFO: Matched route "index" (parameters: "_controller": "{}", "_route": "index") [] []
[2014-05-06 19:27:24] myapp.INFO: > GET /js/bootstrap.min.js [] []
[2014-05-06 19:27:24] myapp.INFO: < 302 /js/bootstrap.min.js/fr/ [] []
[2014-05-06 19:27:24] myapp.INFO: Matched route "index" (parameters: "_controller": "{}", "_route": "index") [] []
[2014-05-06 19:27:24] myapp.INFO: > GET /images/transfo1.jpg [] []
[2014-05-06 19:27:24] myapp.INFO: < 302 /images/transfo1.jpg/fr/ [] []
[2014-05-06 19:27:24] myapp.INFO: Matched route "index" (parameters: "_controller": "{}", "_route": "index") [] []
[2014-05-06 19:27:24] myapp.INFO: > GET /images/en.png [] []
[2014-05-06 19:27:24] myapp.INFO: < 302 /images/en.png/fr/ [] []
[2014-05-06 19:27:24] myapp.INFO: Matched route "main_index" (parameters: "_controller": "[{},"executeIndex"]", "_locale": "fr", "_route": "main_index") [] []
[2014-05-06 19:27:24] myapp.INFO: > GET /css/bootstrap.min.css/fr/ [] []
[2014-05-06 19:27:24] myapp.INFO: Matched route "main_navbar" (parameters: "_controller": "[{},"executeNavbar"]", "_locale": "fr", "_route": "main_navbar") [] []
[2014-05-06 19:27:24] myapp.INFO: < 200 [] []
[2014-05-06 19:27:24] myapp.INFO: Matched route "main_index" (parameters: "_controller": "[{},"executeIndex"]", "_locale": "fr", "_route": "main_index") [] []
[2014-05-06 19:27:24] myapp.INFO: > GET /js/bootstrap.min.js/fr/ [] []
[2014-05-06 19:27:24] myapp.INFO: Matched route "main_navbar" (parameters: "_controller": "[{},"executeNavbar"]", "_locale": "fr", "_route": "main_navbar") [] []
[2014-05-06 19:27:24] myapp.INFO: < 200 [] []
[2014-05-06 19:27:24] myapp.INFO: Matched route "main_index" (parameters: "_controller": "[{},"executeIndex"]", "_locale": "fr", "_route": "main_index") [] []
[2014-05-06 19:27:24] myapp.INFO: > GET /images/transfo1.jpg/fr/ [] []
[2014-05-06 19:27:24] myapp.INFO: Matched route "main_navbar" (parameters: "_controller": "[{},"executeNavbar"]", "_locale": "fr", "_route": "main_navbar") [] []
[2014-05-06 19:27:24] myapp.INFO: < 200 [] []
[2014-05-06 19:27:24] myapp.INFO: Matched route "main_index" (parameters: "_controller": "[{},"executeIndex"]", "_locale": "fr", "_route": "main_index") [] []
[2014-05-06 19:27:24] myapp.INFO: > GET /images/en.png/fr/ [] []
[2014-05-06 19:27:24] myapp.INFO: Matched route "main_navbar" (parameters: "_controller": "[{},"executeNavbar"]", "_locale": "fr", "_route": "main_navbar") [] []
[2014-05-06 19:27:24] myapp.INFO: < 200 [] []
[2014-05-06 19:40:57] myapp.INFO: Matched route "main_index" (parameters: "_controller": "[{},"executeIndex"]", "_locale": "fr", "_route": "main_index") [] []
[2014-05-06 19:40:57] myapp.INFO: > GET /fr/ [] []
[2014-05-06 19:40:57] myapp.INFO: Matched route "main_navbar" (parameters: "_controller": "[{},"executeNavbar"]", "_locale": "fr", "_route": "main_navbar") [] []
[2014-05-06 19:40:57] myapp.INFO: < 200 [] []
[2014-05-06 19:40:57] myapp.INFO: Matched route "index" (parameters: "_controller": "{}", "_route": "index") [] []
[2014-05-06 19:40:57] myapp.INFO: > GET /css/bootstrap.min.css [] []
[2014-05-06 19:40:57] myapp.INFO: < 302 /css/bootstrap.min.css/fr/ [] []
[2014-05-06 19:40:57] myapp.INFO: Matched route "index" (parameters: "_controller": "{}", "_route": "index") [] []
[2014-05-06 19:40:57] myapp.INFO: > GET /js/bootstrap.min.js [] []
[2014-05-06 19:40:57] myapp.INFO: < 302 /js/bootstrap.min.js/fr/ [] []
[2014-05-06 19:40:57] myapp.INFO: Matched route "index" (parameters: "_controller": "{}", "_route": "index") [] []
[2014-05-06 19:40:57] myapp.INFO: > GET /images/transfo1.jpg [] []
[2014-05-06 19:40:57] myapp.INFO: < 302 /images/transfo1.jpg/fr/ [] []
[2014-05-06 19:40:57] myapp.INFO: Matched route "index" (parameters: "_controller": "{}", "_route": "index") [] []
[2014-05-06 19:40:57] myapp.INFO: > GET /images/en.png [] []
[2014-05-06 19:40:57] myapp.INFO: < 302 /images/en.png/fr/ [] []
[2014-05-06 19:40:57] myapp.INFO: Matched route "main_index" (parameters: "_controller": "[{},"executeIndex"]", "_locale": "fr", "_route": "main_index") [] []
[2014-05-06 19:40:57] myapp.INFO: > GET /css/bootstrap.min.css/fr/ [] []
[2014-05-06 19:40:57] myapp.INFO: Matched route "main_navbar" (parameters: "_controller": "[{},"executeNavbar"]", "_locale": "fr", "_route": "main_navbar") [] []
[2014-05-06 19:40:57] myapp.INFO: < 200 [] []
[2014-05-06 19:40:57] myapp.INFO: Matched route "main_index" (parameters: "_controller": "[{},"executeIndex"]", "_locale": "fr", "_route": "main_index") [] []
[2014-05-06 19:40:57] myapp.INFO: > GET /js/bootstrap.min.js/fr/ [] []
[2014-05-06 19:40:57] myapp.INFO: Matched route "main_navbar" (parameters: "_controller": "[{},"executeNavbar"]", "_locale": "fr", "_route": "main_navbar") [] []
[2014-05-06 19:40:57] myapp.INFO: < 200 [] []
[2014-05-06 19:40:57] myapp.INFO: Matched route "main_index" (parameters: "_controller": "[{},"executeIndex"]", "_locale": "fr", "_route": "main_index") [] []
[2014-05-06 19:40:57] myapp.INFO: > GET /images/transfo1.jpg/fr/ [] []
[2014-05-06 19:40:57] myapp.INFO: Matched route "main_navbar" (parameters: "_controller": "[{},"executeNavbar"]", "_locale": "fr", "_route": "main_navbar") [] []
[2014-05-06 19:40:57] myapp.INFO: < 200 [] []
[2014-05-06 19:40:57] myapp.INFO: Matched route "main_index" (parameters: "_controller": "[{},"executeIndex"]", "_locale": "fr", "_route": "main_index") [] []
[2014-05-06 19:40:57] myapp.INFO: > GET /images/en.png/fr/ [] []
[2014-05-06 19:40:57] myapp.INFO: Matched route "main_navbar" (parameters: "_controller": "[{},"executeNavbar"]", "_locale": "fr", "_route": "main_navbar") [] []
[2014-05-06 19:40:57] myapp.INFO: < 200 [] []
[2014-05-06 19:43:11] myapp.INFO: Matched route "main_index" (parameters: "_controller": "[{},"executeIndex"]", "_locale": "fr", "_route": "main_index") [] []
[2014-05-06 19:43:11] myapp.INFO: > GET /fr/ [] []
[2014-05-06 19:43:11] myapp.INFO: Matched route "main_navbar" (parameters: "_controller": "[{},"executeNavbar"]", "_locale": "fr", "_route": "main_navbar") [] []
[2014-05-06 19:43:11] myapp.INFO: < 200 [] []
[2014-05-06 19:43:11] myapp.INFO: Matched route "index" (parameters: "_controller": "{}", "_route": "index") [] []
[2014-05-06 19:43:11] myapp.INFO: > GET /css/bootstrap.min.css [] []
[2014-05-06 19:43:11] myapp.INFO: < 302 /css/bootstrap.min.css/fr/ [] []
[2014-05-06 19:43:11] myapp.INFO: Matched route "index" (parameters: "_controller": "{}", "_route": "index") [] []
[2014-05-06 19:43:11] myapp.INFO: > GET /js/bootstrap.min.js [] []
[2014-05-06 19:43:11] myapp.INFO: < 302 /js/bootstrap.min.js/fr/ [] []
[2014-05-06 19:43:11] myapp.INFO: Matched route "index" (parameters: "_controller": "{}", "_route": "index") [] []
[2014-05-06 19:43:11] myapp.INFO: > GET /images/en.png [] []
[2014-05-06 19:43:11] myapp.INFO: < 302 /images/en.png/fr/ [] []
[2014-05-06 19:43:11] myapp.INFO: Matched route "index" (parameters: "_controller": "{}", "_route": "index") [] []
[2014-05-06 19:43:11] myapp.INFO: > GET /images/transfo1.jpg [] []
[2014-05-06 19:43:11] myapp.INFO: < 302 /images/transfo1.jpg/fr/ [] []
[2014-05-06 19:43:11] myapp.INFO: Matched route "main_index" (parameters: "_controller": "[{},"executeIndex"]", "_locale": "fr", "_route": "main_index") [] []
[2014-05-06 19:43:11] myapp.INFO: > GET /css/bootstrap.min.css/fr/ [] []
[2014-05-06 19:43:11] myapp.INFO: Matched route "main_navbar" (parameters: "_controller": "[{},"executeNavbar"]", "_locale": "fr", "_route": "main_navbar") [] []
[2014-05-06 19:43:11] myapp.INFO: < 200 [] []
[2014-05-06 19:43:11] myapp.INFO: Matched route "main_index" (parameters: "_controller": "[{},"executeIndex"]", "_locale": "fr", "_route": "main_index") [] []
[2014-05-06 19:43:11] myapp.INFO: > GET /js/bootstrap.min.js/fr/ [] []
[2014-05-06 19:43:11] myapp.INFO: Matched route "main_navbar" (parameters: "_controller": "[{},"executeNavbar"]", "_locale": "fr", "_route": "main_navbar") [] []
[2014-05-06 19:43:11] myapp.INFO: < 200 [] []
[2014-05-06 19:43:11] myapp.INFO: Matched route "main_index" (parameters: "_controller": "[{},"executeIndex"]", "_locale": "fr", "_route": "main_index") [] []
[2014-05-06 19:43:11] myapp.INFO: > GET /images/en.png/fr/ [] []
[2014-05-06 19:43:11] myapp.INFO: Matched route "main_navbar" (parameters: "_controller": "[{},"executeNavbar"]", "_locale": "fr", "_route": "main_navbar") [] []
[2014-05-06 19:43:11] myapp.INFO: < 200 [] []
[2014-05-06 19:43:11] myapp.INFO: Matched route "main_index" (parameters: "_controller": "[{},"executeIndex"]", "_locale": "fr", "_route": "main_index") [] []
[2014-05-06 19:43:11] myapp.INFO: > GET /images/transfo1.jpg/fr/ [] []
[2014-05-06 19:43:11] myapp.INFO: Matched route "main_navbar" (parameters: "_controller": "[{},"executeNavbar"]", "_locale": "fr", "_route": "main_navbar") [] []
[2014-05-06 19:43:11] myapp.INFO: < 200 [] []
[2014-05-07 09:06:28] myapp.INFO: Matched route "main_index" (parameters: "_controller": "[{},"executeIndex"]", "_locale": "fr", "_route": "main_index") [] []
[2014-05-07 09:06:28] myapp.INFO: > GET /fr/ [] []
[2014-05-07 09:06:28] myapp.INFO: Matched route "main_navbar" (parameters: "_controller": "[{},"executeNavbar"]", "_locale": "fr", "_route": "main_navbar") [] []
[2014-05-07 09:06:28] myapp.INFO: < 200 [] []
[2014-05-07 09:06:28] myapp.INFO: Matched route "index" (parameters: "_controller": "{}", "_route": "index") [] []
[2014-05-07 09:06:28] myapp.INFO: > GET /css/bootstrap.min.css [] []
[2014-05-07 09:06:28] myapp.INFO: < 302 /css/bootstrap.min.css/fr/ [] []
[2014-05-07 09:06:28] myapp.INFO: Matched route "index" (parameters: "_controller": "{}", "_route": "index") [] []
[2014-05-07 09:06:28] myapp.INFO: > GET /js/bootstrap.min.js [] []
[2014-05-07 09:06:28] myapp.INFO: < 302 /js/bootstrap.min.js/fr/ [] []
[2014-05-07 09:06:28] myapp.INFO: Matched route "index" (parameters: "_controller": "{}", "_route": "index") [] []
[2014-05-07 09:06:28] myapp.INFO: > GET /images/en.png [] []
[2014-05-07 09:06:28] myapp.INFO: < 302 /images/en.png/fr/ [] []
[2014-05-07 09:06:28] myapp.INFO: Matched route "index" (parameters: "_controller": "{}", "_route": "index") [] []
[2014-05-07 09:06:28] myapp.INFO: > GET /images/transfo1.jpg [] []
[2014-05-07 09:06:28] myapp.INFO: < 302 /images/transfo1.jpg/fr/ [] []
[2014-05-07 09:06:28] myapp.INFO: Matched route "main_index" (parameters: "_controller": "[{},"executeIndex"]", "_locale": "fr", "_route": "main_index") [] []
[2014-05-07 09:06:28] myapp.INFO: > GET /css/bootstrap.min.css/fr/ [] []
[2014-05-07 09:06:28] myapp.INFO: Matched route "main_navbar" (parameters: "_controller": "[{},"executeNavbar"]", "_locale": "fr", "_route": "main_navbar") [] []
[2014-05-07 09:06:28] myapp.INFO: < 200 [] []
[2014-05-07 09:06:28] myapp.INFO: Matched route "main_index" (parameters: "_controller": "[{},"executeIndex"]", "_locale": "fr", "_route": "main_index") [] []
[2014-05-07 09:06:28] myapp.INFO: > GET /js/bootstrap.min.js/fr/ [] []
[2014-05-07 09:06:28] myapp.INFO: Matched route "main_navbar" (parameters: "_controller": "[{},"executeNavbar"]", "_locale": "fr", "_route": "main_navbar") [] []
[2014-05-07 09:06:28] myapp.INFO: < 200 [] []
[2014-05-07 09:06:28] myapp.INFO: Matched route "main_index" (parameters: "_controller": "[{},"executeIndex"]", "_locale": "fr", "_route": "main_index") [] []
[2014-05-07 09:06:28] myapp.INFO: > GET /images/en.png/fr/ [] []
[2014-05-07 09:06:28] myapp.INFO: Matched route "main_navbar" (parameters: "_controller": "[{},"executeNavbar"]", "_locale": "fr", "_route": "main_navbar") [] []
[2014-05-07 09:06:28] myapp.INFO: < 200 [] []
[2014-05-07 09:06:28] myapp.INFO: Matched route "main_index" (parameters: "_controller": "[{},"executeIndex"]", "_locale": "fr", "_route": "main_index") [] []
[2014-05-07 09:06:28] myapp.INFO: > GET /images/transfo1.jpg/fr/ [] []
[2014-05-07 09:06:28] myapp.INFO: Matched route "main_navbar" (parameters: "_controller": "[{},"executeNavbar"]", "_locale": "fr", "_route": "main_navbar") [] []
[2014-05-07 09:06:28] myapp.INFO: < 200 [] []
[2014-05-07 16:45:00] myapp.INFO: Matched route "main_index" (parameters: "_controller": "[{},"executeIndex"]", "_locale": "fr", "_route": "main_index") [] []
[2014-05-07 16:45:00] myapp.INFO: > GET /fr/ [] []
[2014-05-07 16:45:00] myapp.INFO: Matched route "main_navbar" (parameters: "_controller": "[{},"executeNavbar"]", "_locale": "fr", "_route": "main_navbar") [] []
[2014-05-07 16:45:00] myapp.INFO: < 200 [] []
[2014-05-07 16:45:00] myapp.INFO: Matched route "index" (parameters: "_controller": "{}", "_route": "index") [] []
[2014-05-07 16:45:00] myapp.INFO: > GET /css/bootstrap.min.css [] []
[2014-05-07 16:45:00] myapp.INFO: < 302 /css/bootstrap.min.css/fr/ [] []
[2014-05-07 16:45:00] myapp.INFO: Matched route "index" (parameters: "_controller": "{}", "_route": "index") [] []
[2014-05-07 16:45:00] myapp.INFO: > GET /js/bootstrap.min.js [] []
[2014-05-07 16:45:00] myapp.INFO: < 302 /js/bootstrap.min.js/fr/ [] []
[2014-05-07 16:45:00] myapp.INFO: Matched route "index" (parameters: "_controller": "{}", "_route": "index") [] []
[2014-05-07 16:45:00] myapp.INFO: > GET /images/transfo1.jpg [] []
[2014-05-07 16:45:00] myapp.INFO: < 302 /images/transfo1.jpg/fr/ [] []
[2014-05-07 16:45:00] myapp.INFO: Matched route "index" (parameters: "_controller": "{}", "_route": "index") [] []
[2014-05-07 16:45:00] myapp.INFO: > GET /images/en.png [] []
[2014-05-07 16:45:00] myapp.INFO: < 302 /images/en.png/fr/ [] []
[2014-05-07 16:45:00] myapp.INFO: Matched route "main_index" (parameters: "_controller": "[{},"executeIndex"]", "_locale": "fr", "_route": "main_index") [] []
[2014-05-07 16:45:00] myapp.INFO: > GET /css/bootstrap.min.css/fr/ [] []
[2014-05-07 16:45:00] myapp.INFO: Matched route "main_navbar" (parameters: "_controller": "[{},"executeNavbar"]", "_locale": "fr", "_route": "main_navbar") [] []
[2014-05-07 16:45:00] myapp.INFO: < 200 [] []
[2014-05-07 16:45:00] myapp.INFO: Matched route "main_index" (parameters: "_controller": "[{},"executeIndex"]", "_locale": "fr", "_route": "main_index") [] []
[2014-05-07 16:45:00] myapp.INFO: > GET /js/bootstrap.min.js/fr/ [] []
[2014-05-07 16:45:00] myapp.INFO: Matched route "main_navbar" (parameters: "_controller": "[{},"executeNavbar"]", "_locale": "fr", "_route": "main_navbar") [] []
[2014-05-07 16:45:00] myapp.INFO: < 200 [] []
[2014-05-07 16:45:00] myapp.INFO: Matched route "main_index" (parameters: "_controller": "[{},"executeIndex"]", "_locale": "fr", "_route": "main_index") [] []
[2014-05-07 16:45:00] myapp.INFO: > GET /images/transfo1.jpg/fr/ [] []
[2014-05-07 16:45:00] myapp.INFO: Matched route "main_navbar" (parameters: "_controller": "[{},"executeNavbar"]", "_locale": "fr", "_route": "main_navbar") [] []
[2014-05-07 16:45:00] myapp.INFO: < 200 [] []
[2014-05-07 16:45:00] myapp.INFO: Matched route "main_index" (parameters: "_controller": "[{},"executeIndex"]", "_locale": "fr", "_route": "main_index") [] []
[2014-05-07 16:45:00] myapp.INFO: > GET /images/en.png/fr/ [] []
[2014-05-07 16:45:00] myapp.INFO: Matched route "main_navbar" (parameters: "_controller": "[{},"executeNavbar"]", "_locale": "fr", "_route": "main_navbar") [] []
[2014-05-07 16:45:00] myapp.INFO: < 200 [] []
[2014-05-07 16:45:00] myapp.INFO: Matched route "index" (parameters: "_controller": "{}", "_route": "index") [] []
[2014-05-07 16:45:00] myapp.INFO: > GET /favicon.ico [] []
[2014-05-07 16:45:00] myapp.INFO: < 302 /favicon.ico/fr/ [] []
[2014-05-07 16:45:00] myapp.INFO: Matched route "main_index" (parameters: "_controller": "[{},"executeIndex"]", "_locale": "fr", "_route": "main_index") [] []
[2014-05-07 16:45:00] myapp.INFO: > GET /favicon.ico/fr/ [] []
[2014-05-07 16:45:00] myapp.INFO: Matched route "main_navbar" (parameters: "_controller": "[{},"executeNavbar"]", "_locale": "fr", "_route": "main_navbar") [] []
[2014-05-07 16:45:00] myapp.INFO: < 200 [] []
[2014-05-07 16:45:00] myapp.INFO: Matched route "index" (parameters: "_controller": "{}", "_route": "index") [] []
[2014-05-07 16:45:00] myapp.INFO: > GET /favicon.ico [] []
[2014-05-07 16:45:00] myapp.INFO: < 302 /favicon.ico/fr/ [] []
[2014-05-07 16:45:00] myapp.INFO: Matched route "main_index" (parameters: "_controller": "[{},"executeIndex"]", "_locale": "fr", "_route": "main_index") [] []
[2014-05-07 16:45:00] myapp.INFO: > GET /favicon.ico/fr/ [] []
[2014-05-07 16:45:00] myapp.INFO: Matched route "main_navbar" (parameters: "_controller": "[{},"executeNavbar"]", "_locale": "fr", "_route": "main_navbar") [] []
[2014-05-07 16:45:00] myapp.INFO: < 200 [] []
[2014-05-07 16:45:41] myapp.INFO: Matched route "main_index" (parameters: "_controller": "[{},"executeIndex"]", "_locale": "fr", "_route": "main_index") [] []
[2014-05-07 16:45:41] myapp.INFO: > GET /fr/ [] []
[2014-05-07 16:45:41] myapp.INFO: Matched route "main_navbar" (parameters: "_controller": "[{},"executeNavbar"]", "_locale": "fr", "_route": "main_navbar") [] []
[2014-05-07 16:45:41] myapp.INFO: < 200 [] []
[2014-05-07 16:45:41] myapp.INFO: Matched route "index" (parameters: "_controller": "{}", "_route": "index") [] []
[2014-05-07 16:45:41] myapp.INFO: > GET /css/bootstrap.min.css [] []
[2014-05-07 16:45:41] myapp.INFO: < 302 /css/bootstrap.min.css/fr/ [] []
[2014-05-07 16:45:41] myapp.INFO: Matched route "index" (parameters: "_controller": "{}", "_route": "index") [] []
[2014-05-07 16:45:41] myapp.INFO: > GET /js/bootstrap.min.js [] []
[2014-05-07 16:45:41] myapp.INFO: < 302 /js/bootstrap.min.js/fr/ [] []
[2014-05-07 16:45:41] myapp.INFO: Matched route "index" (parameters: "_controller": "{}", "_route": "index") [] []
[2014-05-07 16:45:41] myapp.INFO: > GET /images/en.png [] []
[2014-05-07 16:45:41] myapp.INFO: < 302 /images/en.png/fr/ [] []
[2014-05-07 16:45:41] myapp.INFO: Matched route "index" (parameters: "_controller": "{}", "_route": "index") [] []
[2014-05-07 16:45:41] myapp.INFO: > GET /images/transfo1.jpg [] []
[2014-05-07 16:45:41] myapp.INFO: < 302 /images/transfo1.jpg/fr/ [] []
[2014-05-07 16:45:41] myapp.INFO: Matched route "main_index" (parameters: "_controller": "[{},"executeIndex"]", "_locale": "fr", "_route": "main_index") [] []
[2014-05-07 16:45:41] myapp.INFO: > GET /css/bootstrap.min.css/fr/ [] []
[2014-05-07 16:45:41] myapp.INFO: Matched route "main_navbar" (parameters: "_controller": "[{},"executeNavbar"]", "_locale": "fr", "_route": "main_navbar") [] []
[2014-05-07 16:45:41] myapp.INFO: < 200 [] []
[2014-05-07 16:45:41] myapp.INFO: Matched route "main_index" (parameters: "_controller": "[{},"executeIndex"]", "_locale": "fr", "_route": "main_index") [] []
[2014-05-07 16:45:41] myapp.INFO: > GET /js/bootstrap.min.js/fr/ [] []
[2014-05-07 16:45:41] myapp.INFO: Matched route "main_navbar" (parameters: "_controller": "[{},"executeNavbar"]", "_locale": "fr", "_route": "main_navbar") [] []
[2014-05-07 16:45:41] myapp.INFO: < 200 [] []
[2014-05-07 16:45:41] myapp.INFO: Matched route "main_index" (parameters: "_controller": "[{},"executeIndex"]", "_locale": "fr", "_route": "main_index") [] []
[2014-05-07 16:45:41] myapp.INFO: > GET /images/en.png/fr/ [] []
[2014-05-07 16:45:41] myapp.INFO: Matched route "main_navbar" (parameters: "_controller": "[{},"executeNavbar"]", "_locale": "fr", "_route": "main_navbar") [] []
[2014-05-07 16:45:41] myapp.INFO: < 200 [] []
[2014-05-07 16:45:41] myapp.INFO: Matched route "main_index" (parameters: "_controller": "[{},"executeIndex"]", "_locale": "fr", "_route": "main_index") [] []
[2014-05-07 16:45:41] myapp.INFO: > GET /images/transfo1.jpg/fr/ [] []
[2014-05-07 16:45:42] myapp.INFO: Matched route "main_navbar" (parameters: "_controller": "[{},"executeNavbar"]", "_locale": "fr", "_route": "main_navbar") [] []
[2014-05-07 16:45:42] myapp.INFO: < 200 [] []
[2014-05-07 16:45:48] myapp.INFO: Matched route "main_index" (parameters: "_controller": "[{},"executeIndex"]", "_locale": "fr", "_route": "main_index") [] []
[2014-05-07 16:45:48] myapp.INFO: > GET /fr/ [] []
[2014-05-07 16:45:48] myapp.INFO: Matched route "main_navbar" (parameters: "_controller": "[{},"executeNavbar"]", "_locale": "fr", "_route": "main_navbar") [] []
[2014-05-07 16:45:48] myapp.INFO: < 200 [] []
[2014-05-07 16:45:48] myapp.INFO: Matched route "index" (parameters: "_controller": "{}", "_route": "index") [] []
[2014-05-07 16:45:48] myapp.INFO: > GET /css/bootstrap.min.css [] []
[2014-05-07 16:45:48] myapp.INFO: < 302 /css/bootstrap.min.css/fr/ [] []
[2014-05-07 16:45:48] myapp.INFO: Matched route "index" (parameters: "_controller": "{}", "_route": "index") [] []
[2014-05-07 16:45:48] myapp.INFO: > GET /js/bootstrap.min.js [] []
[2014-05-07 16:45:48] myapp.INFO: < 302 /js/bootstrap.min.js/fr/ [] []
[2014-05-07 16:45:48] myapp.INFO: Matched route "index" (parameters: "_controller": "{}", "_route": "index") [] []
[2014-05-07 16:45:48] myapp.INFO: > GET /images/en.png [] []
[2014-05-07 16:45:48] myapp.INFO: < 302 /images/en.png/fr/ [] []
[2014-05-07 16:45:48] myapp.INFO: Matched route "index" (parameters: "_controller": "{}", "_route": "index") [] []
[2014-05-07 16:45:48] myapp.INFO: > GET /images/transfo1.jpg [] []
[2014-05-07 16:45:48] myapp.INFO: < 302 /images/transfo1.jpg/fr/ [] []
[2014-05-07 16:45:48] myapp.INFO: Matched route "main_index" (parameters: "_controller": "[{},"executeIndex"]", "_locale": "fr", "_route": "main_index") [] []
[2014-05-07 16:45:48] myapp.INFO: > GET /css/bootstrap.min.css/fr/ [] []
[2014-05-07 16:45:48] myapp.INFO: Matched route "main_navbar" (parameters: "_controller": "[{},"executeNavbar"]", "_locale": "fr", "_route": "main_navbar") [] []
[2014-05-07 16:45:48] myapp.INFO: < 200 [] []
[2014-05-07 16:45:48] myapp.INFO: Matched route "main_index" (parameters: "_controller": "[{},"executeIndex"]", "_locale": "fr", "_route": "main_index") [] []
[2014-05-07 16:45:48] myapp.INFO: > GET /js/bootstrap.min.js/fr/ [] []
[2014-05-07 16:45:48] myapp.INFO: Matched route "main_navbar" (parameters: "_controller": "[{},"executeNavbar"]", "_locale": "fr", "_route": "main_navbar") [] []
[2014-05-07 16:45:48] myapp.INFO: < 200 [] []
[2014-05-07 16:45:48] myapp.INFO: Matched route "main_index" (parameters: "_controller": "[{},"executeIndex"]", "_locale": "fr", "_route": "main_index") [] []
[2014-05-07 16:45:48] myapp.INFO: > GET /images/en.png/fr/ [] []
[2014-05-07 16:45:48] myapp.INFO: Matched route "main_navbar" (parameters: "_controller": "[{},"executeNavbar"]", "_locale": "fr", "_route": "main_navbar") [] []
[2014-05-07 16:45:48] myapp.INFO: < 200 [] []
[2014-05-07 16:45:48] myapp.INFO: Matched route "main_index" (parameters: "_controller": "[{},"executeIndex"]", "_locale": "fr", "_route": "main_index") [] []
[2014-05-07 16:45:48] myapp.INFO: > GET /images/transfo1.jpg/fr/ [] []
[2014-05-07 16:45:48] myapp.INFO: Matched route "main_navbar" (parameters: "_controller": "[{},"executeNavbar"]", "_locale": "fr", "_route": "main_navbar") [] []
[2014-05-07 16:45:48] myapp.INFO: < 200 [] []
[2014-05-07 16:46:08] myapp.INFO: Matched route "main_index" (parameters: "_controller": "[{},"executeIndex"]", "_locale": "en", "_route": "main_index") [] []
[2014-05-07 16:46:08] myapp.INFO: > GET /en/ [] []
[2014-05-07 16:46:08] myapp.CRITICAL: Twig_Error_Loader: Template "en/index.html.twig" is not defined (). (uncaught exception) at /home/greg/Projects/sites/bobinaudio/vendor/twig/twig/lib/Twig/Loader/Chain.php line 115 {"exception":"[object] (Twig_Error_Loader: Template \"en/index.html.twig\" is not defined (). at /home/greg/Projects/sites/bobinaudio/vendor/twig/twig/lib/Twig/Loader/Chain.php:115)"} []
[2014-05-07 16:46:08] myapp.INFO: < 500 [] []
[2014-05-07 16:46:29] myapp.INFO: Matched route "main_index" (parameters: "_controller": "[{},"executeIndex"]", "_locale": "fr", "_route": "main_index") [] []
[2014-05-07 16:46:29] myapp.INFO: > GET /fr/ [] []
[2014-05-07 16:46:29] myapp.INFO: Matched route "main_navbar" (parameters: "_controller": "[{},"executeNavbar"]", "_locale": "fr", "_route": "main_navbar") [] []
[2014-05-07 16:46:29] myapp.INFO: < 200 [] []
[2014-05-09 19:57:49] myapp.INFO: Matched route "main_index" (parameters: "_controller": "[{},"executeIndex"]", "_locale": "fr", "_route": "main_index") [] []
[2014-05-09 19:57:49] myapp.INFO: > GET /fr/ [] []
[2014-05-09 19:57:49] myapp.INFO: Matched route "main_navbar" (parameters: "_controller": "[{},"executeNavbar"]", "_locale": "fr", "_route": "main_navbar") [] []
[2014-05-09 19:57:49] myapp.CRITICAL: Twig_Error_Syntax: An array element must be followed by a comma. Unexpected token "operator" of value "=" ("punctuation" expected with value ",") in "fr/navbar.html.twig" at line 4 (uncaught exception) at /home/greg/Projects/sites/bobinaudio/vendor/twig/twig/lib/Twig/TokenStream.php line 88 {"exception":"[object] (Twig_Error_Syntax: An array element must be followed by a comma. Unexpected token \"operator\" of value \"=\" (\"punctuation\" expected with value \",\") in \"fr/navbar.html.twig\" at line 4 at /home/greg/Projects/sites/bobinaudio/vendor/twig/twig/lib/Twig/TokenStream.php:88)"} []
[2014-05-09 19:57:49] myapp.INFO: < 500 [] []
[2014-05-09 19:58:37] myapp.INFO: Matched route "main_index" (parameters: "_controller": "[{},"executeIndex"]", "_locale": "fr", "_route": "main_index") [] []
[2014-05-09 19:58:37] myapp.INFO: > GET /fr/ [] []
[2014-05-09 19:58:37] myapp.INFO: Matched route "main_navbar" (parameters: "_controller": "[{},"executeNavbar"]", "_locale": "fr", "_route": "main_navbar") [] []
[2014-05-09 19:58:37] myapp.INFO: < 200 [] []
[2014-05-09 19:58:47] myapp.INFO: Matched route "main_index" (parameters: "_controller": "[{},"executeIndex"]", "_locale": "fr", "_route": "main_index") [] []
[2014-05-09 19:58:47] myapp.INFO: > GET /fr/ [] []
[2014-05-09 19:58:47] myapp.INFO: Matched route "main_navbar" (parameters: "_controller": "[{},"executeNavbar"]", "_locale": "fr", "_route": "main_navbar") [] []
[2014-05-09 19:58:47] myapp.INFO: < 200 [] []
[2014-05-09 19:58:51] myapp.INFO: Matched route "main_index" (parameters: "_controller": "[{},"executeIndex"]", "_locale": "fr", "_route": "main_index") [] []
[2014-05-09 19:58:51] myapp.INFO: > GET /fr/ [] []
[2014-05-09 19:58:51] myapp.INFO: Matched route "main_navbar" (parameters: "_controller": "[{},"executeNavbar"]", "_locale": "fr", "_route": "main_navbar") [] []
[2014-05-09 19:58:51] myapp.INFO: < 200 [] []
[2014-05-09 20:05:52] myapp.INFO: Matched route "main_index" (parameters: "_controller": "[{},"executeIndex"]", "_locale": "fr", "_route": "main_index") [] []
[2014-05-09 20:05:52] myapp.INFO: > GET /fr/ [] []
[2014-05-09 20:05:52] myapp.INFO: Matched route "main_navbar" (parameters: "_controller": "[{},"executeNavbar"]", "_locale": "fr", "_route": "main_navbar") [] []
[2014-05-09 20:05:52] myapp.INFO: < 200 [] []
[2014-05-09 20:21:31] myapp.INFO: Matched route "main_list" (parameters: "_controller": "[{},"executeList"]", "_locale": "fr", "category": "alimentation", "_route": "main_list") [] []
[2014-05-09 20:21:31] myapp.INFO: > GET /fr/transformateurs/alimentation [] []
[2014-05-09 20:22:09] myapp.INFO: Matched route "main_list" (parameters: "_controller": "[{},"executeList"]", "_locale": "fr", "category": "alimentation", "_route": "main_list") [] []
[2014-05-09 20:22:09] myapp.INFO: > GET /fr/transformateurs/alimentation [] []
[2014-05-09 20:22:09] myapp.CRITICAL: LogicException: The controller must return a response (null given). Did you forget to add a return statement somewhere in your controller? (uncaught exception) at /home/greg/Projects/sites/bobinaudio/vendor/symfony/http-kernel/Symfony/Component/HttpKernel/HttpKernel.php line 144 {"exception":"[object] (LogicException: The controller must return a response (null given). Did you forget to add a return statement somewhere in your controller? at /home/greg/Projects/sites/bobinaudio/vendor/symfony/http-kernel/Symfony/Component/HttpKernel/HttpKernel.php:144)"} []
[2014-05-09 20:22:09] myapp.INFO: < 500 [] []
[2014-06-07 10:33:26] myapp.INFO: Matched route "index" (parameters: "_controller": "{}", "_route": "index") [] []
[2014-06-07 10:33:26] myapp.INFO: > GET / [] []
[2014-06-07 10:33:26] myapp.INFO: < 302 /fr/ [] []
[2014-06-07 10:33:26] myapp.INFO: Matched route "main_index" (parameters: "_controller": "[{},"executeIndex"]", "_locale": "fr", "_route": "main_index") [] []
[2014-06-07 10:33:26] myapp.INFO: > GET /fr/ [] []
[2014-06-07 10:33:26] myapp.INFO: Matched route "main_navbar" (parameters: "_controller": "[{},"executeNavbar"]", "_locale": "fr", "_route": "main_navbar") [] []
[2014-06-07 10:33:26] myapp.INFO: < 200 [] []
